- [Tue, 06 Nov 2018 20:39:08 GMT] "GET /getdata/quotes" 200 21.268
- [Tue, 06 Nov 2018 21:26:08 GMT] "POST /data/users" 201 12.736
- [Tue, 06 Nov 2018 21:27:27 GMT] "POST /data/users" 201 10.593
- [Tue, 06 Nov 2018 21:34:30 GMT] "GET /data/users" 200 23.505
- [Tue, 06 Nov 2018 21:35:43 GMT] "GET /data/users" 200 26.029
- [Tue, 06 Nov 2018 21:37:35 GMT] "GET /data/users" 200 6.705
- [Tue, 06 Nov 2018 21:38:18 GMT] "GET /data/users/count" 200 6.505
- [Tue, 06 Nov 2018 21:40:55 GMT] "POST /data/users" 201 7.779
- [Tue, 06 Nov 2018 21:41:13 GMT] "POST /data/users" 201 2.099
- [Tue, 06 Nov 2018 21:41:39 GMT] "POST /data/users" 201 4.749
- [Tue, 06 Nov 2018 21:52:39 GMT] "POST /data/users" 201 14.913
- [Tue, 06 Nov 2018 21:59:59 GMT] "POST /data/users" 201 4.650
- [Tue, 06 Nov 2018 22:00:15 GMT] "GET /data/users" 200 19.079
- [Tue, 06 Nov 2018 22:02:42 GMT] "POST /data/users" 201 3.730
- [Tue, 06 Nov 2018 22:02:52 GMT] "GET /data/users" 200 4.776
- [Tue, 06 Nov 2018 22:04:05 GMT] "GET /data/users" 200 22.937
- [Tue, 06 Nov 2018 22:05:49 GMT] "GET /data/users" 200 8.616
- [Tue, 06 Nov 2018 22:06:05 GMT] "POST /data/users" 201 5.742
- [Tue, 06 Nov 2018 22:07:19 GMT] "POST /data/users" 201 352.797
- [Tue, 06 Nov 2018 22:07:25 GMT] "GET /data/users" 200 18.840
- [Tue, 06 Nov 2018 22:08:18 GMT] "POST /data/users" 201 335.028
- [Tue, 06 Nov 2018 22:10:26 GMT] "POST /data/users" 200 349.426
- [Tue, 06 Nov 2018 22:10:31 GMT] "GET /data/users" 200 18.588
- [Wed, 07 Nov 2018 00:52:12 GMT] "DELETE /data/users/?_id=5be206f044c5fc1df6a6c9fe" 404 2.669
- [Wed, 07 Nov 2018 00:52:33 GMT] "DELETE /data/users/?_id=5be206f044c5fc1df6a6c9fe" 404 0.396
- [Wed, 07 Nov 2018 00:52:40 GMT] "DELETE /data/users/?_id=5be206f044c5fc1df6a6c9fe" 404 1.278
- [Wed, 07 Nov 2018 00:53:37 GMT] "DELETE /data/users/?_id=5be206f044c5fc1df6a6c9fe" 404 0.650
- [Wed, 07 Nov 2018 00:54:36 GMT] "DELETE /data/users/?_id=5be206f044c5fc1df6a6c9fe" 404 4.892
- [Wed, 07 Nov 2018 00:54:44 GMT] "GET /data/users" 200 23.163
- [Wed, 07 Nov 2018 00:54:54 GMT] "DELETE /data/users/?_id=5be206f044c5fc1df6a6c9fe" 404 1.360
- [Wed, 07 Nov 2018 00:54:59 GMT] "GET /data/users/count" 200 6.755
- [Wed, 07 Nov 2018 00:55:09 GMT] "DELETE /data/users/?_id=5be206f044c5fc1df6a6c9fe" 404 1.144
- [Wed, 07 Nov 2018 00:55:11 GMT] "DELETE /data/users/?_id=5be206f044c5fc1df6a6c9fe" 404 0.658
- [Wed, 07 Nov 2018 00:57:02 GMT] "DELETE /data/users/?_id=5be206f044c5fc1df6a6c9fe" 500 5.671
- [Wed, 07 Nov 2018 00:58:41 GMT] "DELETE /data/users/?_id=5be206f044c5fc1df6a6c9fe" 404 12.015
- [Wed, 07 Nov 2018 00:59:29 GMT] "GET /data/users" 200 20.360
- [Wed, 07 Nov 2018 01:06:22 GMT] "GET /users/?_id=888" 404 2.846
- [Wed, 07 Nov 2018 01:06:36 GMT] "GET /users/xxx?_id=888" 404 0.448
- [Wed, 07 Nov 2018 01:06:55 GMT] "GET /users/?_id=888" 404 0.375
- [Wed, 07 Nov 2018 01:07:08 GMT] "GET /data/users/?_id=888" 200 27.944
- [Wed, 07 Nov 2018 01:08:02 GMT] "GET /data/users/count/?_id=888" 200 5.868
- [Wed, 07 Nov 2018 01:09:24 GMT] "GET /data/users/count/?_id=888" 200 24.303
- [Wed, 07 Nov 2018 01:11:09 GMT] "GET /data/users/count/?_id=888" 200 14.815
- [Wed, 07 Nov 2018 01:11:20 GMT] "GET /data/users/?_id=888" 200 15.520
- [Wed, 07 Nov 2018 01:11:28 GMT] "GET /data/users/count/?_id=888" 200 3.283
- [Wed, 07 Nov 2018 01:13:54 GMT] "POST /data/users/count/?_id=888" - -
- [Wed, 07 Nov 2018 01:14:05 GMT] "GET /data/users/count/?_id=888" 200 2.215
- [Wed, 07 Nov 2018 01:14:31 GMT] "GET /data/users/count/?_id=888" 200 2.244
- [Wed, 07 Nov 2018 01:14:48 GMT] "GET /data/users/count/?_id=888" 200 2.054
- [Wed, 07 Nov 2018 01:40:43 GMT] "GET /data/users/count/?_id=888" 200 14.410
- [Wed, 07 Nov 2018 01:41:24 GMT] "POST /data/users/count/?_id=888" - -
- [Wed, 07 Nov 2018 01:41:43 GMT] "POST /data/users/count/?_id=888" - -
- [Wed, 07 Nov 2018 01:43:56 GMT] "POST /data/users/count/?_id=888" - -
- [Wed, 07 Nov 2018 01:44:49 GMT] "POST /data/users/count/?_id=888" - -
- [Wed, 07 Nov 2018 01:44:55 GMT] "POST /data/users/count/?_id=888" - -
- [Wed, 07 Nov 2018 01:50:52 GMT] "POST /data/users/count/?_id=888" 200 352.214
- [Wed, 07 Nov 2018 01:53:07 GMT] "POST /data/users/count/?_id=888" 400 6.221
- [Wed, 07 Nov 2018 01:53:24 GMT] "POST /data/users/count/?_id=888" 400 6.608
- [Wed, 07 Nov 2018 01:54:13 GMT] "POST /data/users/count/?_id=888" 400 6.043
- [Wed, 07 Nov 2018 01:54:42 GMT] "POST /data/users/?_id=888" 200 8.589
- [Wed, 07 Nov 2018 01:55:03 GMT] "DELETE /data/users/?_id=888" 404 3.838
- [Wed, 07 Nov 2018 01:55:33 GMT] "DELETE /data/users/?_id=5be2073f31a3f42256bf4139" 404 2.781
- [Wed, 07 Nov 2018 01:58:36 GMT] "DELETE /data/users/?_id=5be2073f31a3f42256bf4139" 500 4.575
- [Wed, 07 Nov 2018 02:00:47 GMT] "DELETE /data/users/?_id=5be2073f31a3f42256bf4139" 200 8.841
- [Wed, 07 Nov 2018 02:01:02 GMT] "GET /data/users" 200 24.116
- [Wed, 07 Nov 2018 02:01:20 GMT] "DELETE /data/users/?_id=5be206f044c5fc1df6a6c9fe" 200 2.468
- [Wed, 07 Nov 2018 02:01:23 GMT] "GET /data/users" 200 9.723
- [Wed, 07 Nov 2018 04:03:21 GMT] "GET /data/users" 200 25.944
- [Wed, 07 Nov 2018 04:03:49 GMT] "PUT /data/users/?_id=5be245e2164cf52ebf9bb2a4" 500 4.312
- [Wed, 07 Nov 2018 04:33:12 GMT] "PUT /data/users/?_id=5be245e2164cf52ebf9bb2a4" 404 690.427
- [Wed, 07 Nov 2018 04:33:23 GMT] "GET /data/users" 200 21.086
- [Wed, 07 Nov 2018 04:34:02 GMT] "PUT /data/users/?_id=5be245e2164cf52ebf9bb2a4" 404 670.789
- [Wed, 07 Nov 2018 04:34:38 GMT] "PUT /data/users/?_id=5be245e2164cf52ebf9bb2a4" 404 687.248
- [Wed, 07 Nov 2018 04:35:58 GMT] "PUT /data/users/?_id=5be245e2164cf52ebf9bb2a4" 404 686.657
- [Wed, 07 Nov 2018 04:36:43 GMT] "PUT /data/users/?_id=5be245e2164cf52ebf9bb2a4" 404 687.839
- [Wed, 07 Nov 2018 04:40:37 GMT] "PUT /data/users/?_id=5be245e2164cf52ebf9bb2a4" 200 689.118
- [Wed, 07 Nov 2018 04:41:21 GMT] "DELETE /data/users/?_id=5be245e2164cf52ebf9bb2a" 500 4.172
- [Wed, 07 Nov 2018 04:41:52 GMT] "DELETE /data/users/?_id=5be245e2164cf52ebf9bb2a4" 200 4.054
- [Wed, 07 Nov 2018 04:42:14 GMT] "GET /data/users" 200 18.171
